d:\svn\quantinv\dev\wrapper\esunny\esunny3.0\eswrapper\esforeignwrapper\debug\esforeignwrapper.pch
d:\svn\quantinv\dev\wrapper\esunny\esunny3.0\eswrapper\esforeignwrapper\debug\vc141.pdb
d:\svn\quantinv\dev\wrapper\esunny\esunny3.0\eswrapper\esforeignwrapper\debug\stdafx.obj
d:\svn\quantinv\dev\wrapper\esunny\esunny3.0\eswrapper\esforeignwrapper\debug\estrade.obj
d:\svn\quantinv\dev\wrapper\esunny\esunny3.0\eswrapper\esforeignwrapper\debug\esquot.obj
d:\svn\quantinv\dev\wrapper\esunny\esunny3.0\eswrapper\esforeignwrapper\debug\esforeignwrapper.obj
d:\svn\quantinv\dev\wrapper\esunny\esunny3.0\eswrapper\esforeignwrapper\debug\assemblyinfo.obj
d:\svn\quantinv\dev\wrapper\esunny\esunny3.0\eswrapper\esforeignwrapper\debug\.netframework,version=v4.0.assemblyattributes.obj
d:\svn\quantinv\dev\wrapper\esunny\esunny3.0\eswrapper\esforeignwrapper\debug\.netframework,version=v4.0.assemblyattributes.asm
d:\svn\quantinv\dev\wrapper\esunny\esunny3.0\eswrapper\esforeignwrapper\debug\esforeignwrapper.dll
d:\svn\quantinv\dev\wrapper\esunny\esunny3.0\eswrapper\esforeignwrapper\debug\esforeignwrapper.pdb
d:\svn\quantinv\dev\wrapper\esunny\esunny3.0\eswrapper\esforeignwrapper\debug\app.res
d:\svn\quantinv\dev\wrapper\esunny\esunny3.0\eswrapper\esforeignwrapper\debug\esforeignwrapper.dll.metagen
d:\svn\quantinv\dev\wrapper\esunny\esunny3.0\eswrapper\esforeignwrapper\debug\esforeignwrapper.tlog\cl.command.1.tlog
d:\svn\quantinv\dev\wrapper\esunny\esunny3.0\eswrapper\esforeignwrapper\debug\esforeignwrapper.tlog\cl.read.1.tlog
d:\svn\quantinv\dev\wrapper\esunny\esunny3.0\eswrapper\esforeignwrapper\debug\esforeignwrapper.tlog\cl.write.1.tlog
d:\svn\quantinv\dev\wrapper\esunny\esunny3.0\eswrapper\esforeignwrapper\debug\esforeignwrapper.tlog\link.command.1.tlog
d:\svn\quantinv\dev\wrapper\esunny\esunny3.0\eswrapper\esforeignwrapper\debug\esforeignwrapper.tlog\link.read.1.tlog
d:\svn\quantinv\dev\wrapper\esunny\esunny3.0\eswrapper\esforeignwrapper\debug\esforeignwrapper.tlog\link.write.1.tlog
d:\svn\quantinv\dev\wrapper\esunny\esunny3.0\eswrapper\esforeignwrapper\debug\esforeignwrapper.tlog\metagen.read.1.tlog
d:\svn\quantinv\dev\wrapper\esunny\esunny3.0\eswrapper\esforeignwrapper\debug\esforeignwrapper.tlog\metagen.write.1.tlog
d:\svn\quantinv\dev\wrapper\esunny\esunny3.0\eswrapper\esforeignwrapper\debug\esforeignwrapper.tlog\rc.command.1.tlog
d:\svn\quantinv\dev\wrapper\esunny\esunny3.0\eswrapper\esforeignwrapper\debug\esforeignwrapper.tlog\rc.read.1.tlog
d:\svn\quantinv\dev\wrapper\esunny\esunny3.0\eswrapper\esforeignwrapper\debug\esforeignwrapper.tlog\rc.write.1.tlog
d:\svn\quantinv\dev\wrapper\esunny\esunny3.0\eswrapper\esforeignwrapper\debug\esforeignwrapper.tlog\tzres.dll.bi
